# JRE version: Java(TM) SE Runtime Environment (8.0_60-b27) (build 1.8.0_60-b27)
# Java VM: Java HotSpot(TM) 64-Bit Server VM (25.60-b23 mixed mode windows-amd64 compressed oops)
Heap:
 PSYoungGen      total 604672K, used 414152K [0x000000076b700000, 0x0000000792c80000, 0x00000007c0000000)
  eden space 583168K, 67% used [0x000000076b700000,0x0000000783676b18,0x000000078f080000)
  from space 21504K, 99% used [0x0000000791780000,0x0000000792c7b7a8,0x0000000792c80000)
  to   space 24576K, 0% used [0x000000078fc80000,0x000000078fc80000,0x0000000791480000)
 ParOldGen       total 148992K, used 35599K [0x00000006c2400000, 0x00000006cb580000, 0x000000076b700000)
  object space 148992K, 23% used [0x00000006c2400000,0x00000006c46c3fe0,0x00000006cb580000)
 Metaspace       used 76370K, capacity 79878K, committed 80152K, reserved 1118208K
  class space    used 10080K, capacity 10693K, committed 10792K, reserved 1048576K
GC Heap History (10 events):
Event: 16.858 GC heap before
{Heap before GC invocations=9 (full 2):
 PSYoungGen      total 256512K, used 12943K [0x000000076b700000, 0x0000000788b00000, 0x00000007c0000000)
  eden space 242688K, 0% used [0x000000076b700000,0x000000076b700000,0x000000077a400000)
  from space 13824K, 93% used [0x000000077a400000,0x000000077b0a3ef0,0x000000077b180000)
  to   space 14848K, 0% used [0x0000000787c80000,0x0000000787c80000,0x0000000788b00000)
 ParOldGen       total 77824K, used 7346K [0x00000006c2400000, 0x00000006c7000000, 0x000000076b700000)
  object space 77824K, 9% used [0x00000006c2400000,0x00000006c2b2cb80,0x00000006c7000000)
 Metaspace       used 34172K, capacity 35440K, committed 35496K, reserved 1079296K
  class space    used 4460K, capacity 4738K, committed 4776K, reserved 1048576K
Event: 16.951 GC heap after
Heap after GC invocations=9 (full 2):
 PSYoungGen      total 256512K, used 0K [0x000000076b700000, 0x0000000788b00000, 0x00000007c0000000)
  eden space 242688K, 0% used [0x000000076b700000,0x000000076b700000,0x000000077a400000)
  from space 13824K, 0% used [0x000000077a400000,0x000000077a400000,0x000000077b180000)
  to   space 14848K, 0% used [0x0000000787c80000,0x0000000787c80000,0x0000000788b00000)
 ParOldGen       total 105472K, used 17701K [0x00000006c2400000, 0x00000006c8b00000, 0x000000076b700000)
  object space 105472K, 16% used [0x00000006c2400000,0x00000006c3549440,0x00000006c8b00000)
 Metaspace       used 34165K, capacity 35420K, committed 35496K, reserved 1079296K
  class space    used 4458K, capacity 4734K, committed 4776K, reserved 1048576K
}
Event: 19.625 GC heap before
{Heap before GC invocations=10 (full 2):
 PSYoungGen      total 256512K, used 242688K [0x000000076b700000, 0x0000000788b00000, 0x00000007c0000000)
  eden space 242688K, 100% used [0x000000076b700000,0x000000077a400000,0x000000077a400000)
  from space 13824K, 0% used [0x000000077a400000,0x000000077a400000,0x000000077b180000)
  to   space 14848K, 0% used [0x0000000787c80000,0x0000000787c80000,0x0000000788b00000)
 ParOldGen       total 105472K, used 17701K [0x00000006c2400000, 0x00000006c8b00000, 0x000000076b700000)
  object space 105472K, 16% used [0x00000006c2400000,0x00000006c3549440,0x00000006c8b00000)
 Metaspace       used 43781K, capacity 45782K, committed 45992K, reserved 1089536K
  class space    used 5852K, capacity 6227K, committed 6312K, reserved 1048576K
Event: 19.642 GC heap after
Heap after GC invocations=10 (full 2):
 PSYoungGen      total 438272K, used 14002K [0x000000076b700000, 0x0000000788a80000, 0x00000007c0000000)
  eden space 423936K, 0% used [0x000000076b700000,0x000000076b700000,0x0000000785500000)
  from space 14336K, 97% used [0x0000000787c80000,0x0000000788a2cb48,0x0000000788a80000)
  to   space 16384K, 0% used [0x0000000786a80000,0x0000000786a80000,0x0000000787a80000)
 ParOldGen       total 105472K, used 17709K [0x00000006c2400000, 0x00000006c8b00000, 0x000000076b700000)
  object space 105472K, 16% used [0x00000006c2400000,0x00000006c354b440,0x00000006c8b00000)
 Metaspace       used 43781K, capacity 45782K, committed 45992K, reserved 1089536K
  class space    used 5852K, capacity 6227K, committed 6312K, reserved 1048576K
}
Event: 25.286 GC heap before
{Heap before GC invocations=11 (full 2):
 PSYoungGen      total 438272K, used 293741K [0x000000076b700000, 0x0000000788a80000, 0x00000007c0000000)
  eden space 423936K, 65% used [0x000000076b700000,0x000000077c82ec08,0x0000000785500000)
  from space 14336K, 97% used [0x0000000787c80000,0x0000000788a2cb48,0x0000000788a80000)
  to   space 16384K, 0% used [0x0000000786a80000,0x0000000786a80000,0x0000000787a80000)
 ParOldGen       total 105472K, used 17709K [0x00000006c2400000, 0x00000006c8b00000, 0x000000076b700000)
  object space 105472K, 16% used [0x00000006c2400000,0x00000006c354b440,0x00000006c8b00000)
 Metaspace       used 56554K, capacity 59034K, committed 59160K, reserved 1099776K
  class space    used 7453K, capacity 7925K, committed 7976K, reserved 1048576K
Event: 25.304 GC heap after
Heap after GC invocations=11 (full 2):
 PSYoungGen      total 462336K, used 16356K [0x000000076b700000, 0x0000000792c80000, 0x00000007c0000000)
  eden space 445952K, 0% used [0x000000076b700000,0x000000076b700000,0x0000000786a80000)
  from space 16384K, 99% used [0x0000000786a80000,0x0000000787a79108,0x0000000787a80000)
  to   space 21504K, 0% used [0x0000000791780000,0x0000000791780000,0x0000000792c80000)
 ParOldGen       total 105472K, used 25623K [0x00000006c2400000, 0x00000006c8b00000, 0x000000076b700000)
  object space 105472K, 24% used [0x00000006c2400000,0x00000006c3d05fb8,0x00000006c8b00000)
 Metaspace       used 56554K, capacity 59034K, committed 59160K, reserved 1099776K
  class space    used 7453K, capacity 7925K, committed 7976K, reserved 1048576K
}
Event: 25.304 GC heap before
{Heap before GC invocations=12 (full 3):
 PSYoungGen      total 462336K, used 16356K [0x000000076b700000, 0x0000000792c80000, 0x00000007c0000000)
  eden space 445952K, 0% used [0x000000076b700000,0x000000076b700000,0x0000000786a80000)
  from space 16384K, 99% used [0x0000000786a80000,0x0000000787a79108,0x0000000787a80000)
  to   space 21504K, 0% used [0x0000000791780000,0x0000000791780000,0x0000000792c80000)
 ParOldGen       total 105472K, used 25623K [0x00000006c2400000, 0x00000006c8b00000, 0x000000076b700000)
  object space 105472K, 24% used [0x00000006c2400000,0x00000006c3d05fb8,0x00000006c8b00000)
 Metaspace       used 56554K, capacity 59034K, committed 59160K, reserved 1099776K
  class space    used 7453K, capacity 7925K, committed 7976K, reserved 1048576K
Event: 25.496 GC heap after
Heap after GC invocations=12 (full 3):
 PSYoungGen      total 462336K, used 0K [0x000000076b700000, 0x0000000792c80000, 0x00000007c0000000)
  eden space 445952K, 0% used [0x000000076b700000,0x000000076b700000,0x0000000786a80000)
  from space 16384K, 0% used [0x0000000786a80000,0x0000000786a80000,0x0000000787a80000)
  to   space 21504K, 0% used [0x0000000791780000,0x0000000791780000,0x0000000792c80000)
 ParOldGen       total 148992K, used 35153K [0x00000006c2400000, 0x00000006cb580000, 0x000000076b700000)
  object space 148992K, 23% used [0x00000006c2400000,0x00000006c46546b0,0x00000006cb580000)
 Metaspace       used 56554K, capacity 59034K, committed 59160K, reserved 1099776K
  class space    used 7453K, capacity 7925K, committed 7976K, reserved 1048576K
}
Event: 34.805 GC heap before
{Heap before GC invocations=13 (full 3):
 PSYoungGen      total 462336K, used 445952K [0x000000076b700000, 0x0000000792c80000, 0x00000007c0000000)
  eden space 445952K, 100% used [0x000000076b700000,0x0000000786a80000,0x0000000786a80000)
  from space 16384K, 0% used [0x0000000786a80000,0x0000000786a80000,0x0000000787a80000)
  to   space 21504K, 0% used [0x0000000791780000,0x0000000791780000,0x0000000792c80000)
 ParOldGen       total 148992K, used 35153K [0x00000006c2400000, 0x00000006cb580000, 0x000000076b700000)
  object space 148992K, 23% used [0x00000006c2400000,0x00000006c46546b0,0x00000006cb580000)
 Metaspace       used 66295K, capacity 69578K, committed 69784K, reserved 1110016K
  class space    used 8924K, capacity 9527K, committed 9640K, reserved 1048576K
Event: 34.846 GC heap after
Heap after GC invocations=13 (full 3):
 PSYoungGen      total 604672K, used 21485K [0x000000076b700000, 0x0000000792c80000, 0x00000007c0000000)
  eden space 583168K, 0% used [0x000000076b700000,0x000000076b700000,0x000000078f080000)
  from space 21504K, 99% used [0x0000000791780000,0x0000000792c7b7a8,0x0000000792c80000)
  to   space 24576K, 0% used [0x000000078fc80000,0x000000078fc80000,0x0000000791480000)
 ParOldGen       total 148992K, used 35599K [0x00000006c2400000, 0x00000006cb580000, 0x000000076b700000)
  object space 148992K, 23% used [0x00000006c2400000,0x00000006c46c3fe0,0x00000006cb580000)
 Metaspace       used 66295K, capacity 69578K, committed 69784K, reserved 1110016K
  class space    used 8924K, capacity 9527K, committed 9640K, reserved 1048576K
}

