# JRE version: Java(TM) SE Runtime Environment (8.0_60-b27) (build 1.8.0_60-b27)
# Java VM: Java HotSpot(TM) 64-Bit Server VM (25.60-b23 mixed mode windows-amd64 compressed oops)
Heap:
 PSYoungGen      total 321024K, used 232593K [0x000000076b700000, 0x0000000781b00000, 0x00000007c0000000)
  eden space 308736K, 71% used [0x000000076b700000,0x0000000778e46d68,0x000000077e480000)
  from space 12288K, 98% used [0x0000000780f00000,0x0000000781add7c0,0x0000000781b00000)
  to   space 14336K, 0% used [0x000000077ff00000,0x000000077ff00000,0x0000000780d00000)
 ParOldGen       total 111616K, used 15008K [0x00000006c2400000, 0x00000006c9100000, 0x000000076b700000)
  object space 111616K, 13% used [0x00000006c2400000,0x00000006c32a8078,0x00000006c9100000)
 Metaspace       used 54907K, capacity 57376K, committed 57384K, reserved 1099776K
  class space    used 7262K, capacity 7712K, committed 7720K, reserved 1048576K
GC Heap History (10 events):
Event: 12.094 GC heap before
{Heap before GC invocations=8 (full 1):
 PSYoungGen      total 130560K, used 128488K [0x000000076b700000, 0x0000000774280000, 0x00000007c0000000)
  eden space 122368K, 100% used [0x000000076b700000,0x0000000772e80000,0x0000000772e80000)
  from space 8192K, 74% used [0x0000000773a80000,0x000000077407a348,0x0000000774280000)
  to   space 10240K, 0% used [0x0000000772e80000,0x0000000772e80000,0x0000000773880000)
 ParOldGen       total 76800K, used 6441K [0x00000006c2400000, 0x00000006c6f00000, 0x000000076b700000)
  object space 76800K, 8% used [0x00000006c2400000,0x00000006c2a4a4b8,0x00000006c6f00000)
 Metaspace       used 30694K, capacity 31936K, committed 32256K, reserved 1077248K
  class space    used 4008K, capacity 4286K, committed 4352K, reserved 1048576K
Event: 12.102 GC heap after
Heap after GC invocations=8 (full 1):
 PSYoungGen      total 132608K, used 10232K [0x000000076b700000, 0x000000077ad80000, 0x00000007c0000000)
  eden space 122368K, 0% used [0x000000076b700000,0x000000076b700000,0x0000000772e80000)
  from space 10240K, 99% used [0x0000000772e80000,0x000000077387e278,0x0000000773880000)
  to   space 12288K, 0% used [0x000000077a180000,0x000000077a180000,0x000000077ad80000)
 ParOldGen       total 76800K, used 8202K [0x00000006c2400000, 0x00000006c6f00000, 0x000000076b700000)
  object space 76800K, 10% used [0x00000006c2400000,0x00000006c2c02bd8,0x00000006c6f00000)
 Metaspace       used 30694K, capacity 31936K, committed 32256K, reserved 1077248K
  class space    used 4008K, capacity 4286K, committed 4352K, reserved 1048576K
}
Event: 12.992 GC heap before
{Heap before GC invocations=9 (full 1):
 PSYoungGen      total 132608K, used 132600K [0x000000076b700000, 0x000000077ad80000, 0x00000007c0000000)
  eden space 122368K, 100% used [0x000000076b700000,0x0000000772e80000,0x0000000772e80000)
  from space 10240K, 99% used [0x0000000772e80000,0x000000077387e278,0x0000000773880000)
  to   space 12288K, 0% used [0x000000077a180000,0x000000077a180000,0x000000077ad80000)
 ParOldGen       total 76800K, used 8202K [0x00000006c2400000, 0x00000006c6f00000, 0x000000076b700000)
  object space 76800K, 10% used [0x00000006c2400000,0x00000006c2c02bd8,0x00000006c6f00000)
 Metaspace       used 33326K, capacity 34628K, committed 34944K, reserved 1079296K
  class space    used 4344K, capacity 4640K, committed 4736K, reserved 1048576K
Event: 13.002 GC heap after
Heap after GC invocations=9 (full 1):
 PSYoungGen      total 238080K, used 11915K [0x000000076b700000, 0x000000077ad80000, 0x00000007c0000000)
  eden space 225792K, 0% used [0x000000076b700000,0x000000076b700000,0x0000000779380000)
  from space 12288K, 96% used [0x000000077a180000,0x000000077ad22df8,0x000000077ad80000)
  to   space 13312K, 0% used [0x0000000779380000,0x0000000779380000,0x000000077a080000)
 ParOldGen       total 76800K, used 8210K [0x00000006c2400000, 0x00000006c6f00000, 0x000000076b700000)
  object space 76800K, 10% used [0x00000006c2400000,0x00000006c2c04bd8,0x00000006c6f00000)
 Metaspace       used 33326K, capacity 34628K, committed 34944K, reserved 1079296K
  class space    used 4344K, capacity 4640K, committed 4736K, reserved 1048576K
}
Event: 13.431 GC heap before
{Heap before GC invocations=10 (full 1):
 PSYoungGen      total 238080K, used 45399K [0x000000076b700000, 0x000000077ad80000, 0x00000007c0000000)
  eden space 225792K, 14% used [0x000000076b700000,0x000000076d7b3100,0x0000000779380000)
  from space 12288K, 96% used [0x000000077a180000,0x000000077ad22df8,0x000000077ad80000)
  to   space 13312K, 0% used [0x0000000779380000,0x0000000779380000,0x000000077a080000)
 ParOldGen       total 76800K, used 8210K [0x00000006c2400000, 0x00000006c6f00000, 0x000000076b700000)
  object space 76800K, 10% used [0x00000006c2400000,0x00000006c2c04bd8,0x00000006c6f00000)
 Metaspace       used 34182K, capacity 35446K, committed 35496K, reserved 1079296K
  class space    used 4467K, capacity 4739K, committed 4776K, reserved 1048576K
Event: 13.438 GC heap after
Heap after GC invocations=10 (full 1):
 PSYoungGen      total 239104K, used 6440K [0x000000076b700000, 0x0000000781c00000, 0x00000007c0000000)
  eden space 225792K, 0% used [0x000000076b700000,0x000000076b700000,0x0000000779380000)
  from space 13312K, 48% used [0x0000000779380000,0x00000007799ca1f8,0x000000077a080000)
  to   space 13312K, 0% used [0x0000000780f00000,0x0000000780f00000,0x0000000781c00000)
 ParOldGen       total 76800K, used 11615K [0x00000006c2400000, 0x00000006c6f00000, 0x000000076b700000)
  object space 76800K, 15% used [0x00000006c2400000,0x00000006c2f57dd0,0x00000006c6f00000)
 Metaspace       used 34182K, capacity 35446K, committed 35496K, reserved 1079296K
  class space    used 4467K, capacity 4739K, committed 4776K, reserved 1048576K
}
Event: 13.438 GC heap before
{Heap before GC invocations=11 (full 2):
 PSYoungGen      total 239104K, used 6440K [0x000000076b700000, 0x0000000781c00000, 0x00000007c0000000)
  eden space 225792K, 0% used [0x000000076b700000,0x000000076b700000,0x0000000779380000)
  from space 13312K, 48% used [0x0000000779380000,0x00000007799ca1f8,0x000000077a080000)
  to   space 13312K, 0% used [0x0000000780f00000,0x0000000780f00000,0x0000000781c00000)
 ParOldGen       total 76800K, used 11615K [0x00000006c2400000, 0x00000006c6f00000, 0x000000076b700000)
  object space 76800K, 15% used [0x00000006c2400000,0x00000006c2f57dd0,0x00000006c6f00000)
 Metaspace       used 34182K, capacity 35446K, committed 35496K, reserved 1079296K
  class space    used 4467K, capacity 4739K, committed 4776K, reserved 1048576K
Event: 13.534 GC heap after
Heap after GC invocations=11 (full 2):
 PSYoungGen      total 239104K, used 0K [0x000000076b700000, 0x0000000781c00000, 0x00000007c0000000)
  eden space 225792K, 0% used [0x000000076b700000,0x000000076b700000,0x0000000779380000)
  from space 13312K, 0% used [0x0000000779380000,0x0000000779380000,0x000000077a080000)
  to   space 13312K, 0% used [0x0000000780f00000,0x0000000780f00000,0x0000000781c00000)
 ParOldGen       total 111616K, used 15000K [0x00000006c2400000, 0x00000006c9100000, 0x000000076b700000)
  object space 111616K, 13% used [0x00000006c2400000,0x00000006c32a6078,0x00000006c9100000)
 Metaspace       used 34175K, capacity 35426K, committed 35496K, reserved 1079296K
  class space    used 4465K, capacity 4735K, committed 4776K, reserved 1048576K
}
Event: 15.932 GC heap before
{Heap before GC invocations=12 (full 2):
 PSYoungGen      total 239104K, used 225792K [0x000000076b700000, 0x0000000781c00000, 0x00000007c0000000)
  eden space 225792K, 100% used [0x000000076b700000,0x0000000779380000,0x0000000779380000)
  from space 13312K, 0% used [0x0000000779380000,0x0000000779380000,0x000000077a080000)
  to   space 13312K, 0% used [0x0000000780f00000,0x0000000780f00000,0x0000000781c00000)
 ParOldGen       total 111616K, used 15000K [0x00000006c2400000, 0x00000006c9100000, 0x000000076b700000)
  object space 111616K, 13% used [0x00000006c2400000,0x00000006c32a6078,0x00000006c9100000)
 Metaspace       used 42214K, capacity 43800K, committed 44200K, reserved 1087488K
  class space    used 5631K, capacity 5932K, committed 6056K, reserved 1048576K
Event: 15.943 GC heap after
Heap after GC invocations=12 (full 2):
 PSYoungGen      total 321024K, used 12149K [0x000000076b700000, 0x0000000781b00000, 0x00000007c0000000)
  eden space 308736K, 0% used [0x000000076b700000,0x000000076b700000,0x000000077e480000)
  from space 12288K, 98% used [0x0000000780f00000,0x0000000781add7c0,0x0000000781b00000)
  to   space 14336K, 0% used [0x000000077ff00000,0x000000077ff00000,0x0000000780d00000)
 ParOldGen       total 111616K, used 15008K [0x00000006c2400000, 0x00000006c9100000, 0x000000076b700000)
  object space 111616K, 13% used [0x00000006c2400000,0x00000006c32a8078,0x00000006c9100000)
 Metaspace       used 42214K, capacity 43800K, committed 44200K, reserved 1087488K
  class space    used 5631K, capacity 5932K, committed 6056K, reserved 1048576K
}

