# JRE version: Java(TM) SE Runtime Environment (8.0_60-b27) (build 1.8.0_60-b27)
# Java VM: Java HotSpot(TM) 64-Bit Server VM (25.60-b23 mixed mode windows-amd64 compressed oops)
Heap:
 PSYoungGen      total 506368K, used 95530K [0x000000076b700000, 0x0000000792380000, 0x00000007c0000000)
  eden space 485376K, 15% used [0x000000076b700000,0x000000076ffd1928,0x0000000789100000)
  from space 20992K, 99% used [0x0000000789100000,0x000000078a578f60,0x000000078a580000)
  to   space 29184K, 0% used [0x0000000790700000,0x0000000790700000,0x0000000792380000)
 ParOldGen       total 181248K, used 50842K [0x00000006c2400000, 0x00000006cd500000, 0x000000076b700000)
  object space 181248K, 28% used [0x00000006c2400000,0x00000006c55a6b10,0x00000006cd500000)
 Metaspace       used 79492K, capacity 83203K, committed 83496K, reserved 1122304K
  class space    used 10558K, capacity 11194K, committed 11304K, reserved 1048576K
GC Heap History (10 events):
Event: 9.701 GC heap before
{Heap before GC invocations=10 (full 2):
 PSYoungGen      total 244736K, used 230912K [0x000000076b700000, 0x0000000785f80000, 0x00000007c0000000)
  eden space 230912K, 100% used [0x000000076b700000,0x0000000779880000,0x0000000779880000)
  from space 13824K, 0% used [0x0000000779880000,0x0000000779880000,0x000000077a600000)
  to   space 15360K, 0% used [0x0000000785080000,0x0000000785080000,0x0000000785f80000)
 ParOldGen       total 123392K, used 18182K [0x00000006c2400000, 0x00000006c9c80000, 0x000000076b700000)
  object space 123392K, 14% used [0x00000006c2400000,0x00000006c35c1bc8,0x00000006c9c80000)
 Metaspace       used 42502K, capacity 44124K, committed 44456K, reserved 1087488K
  class space    used 5661K, capacity 5968K, committed 6056K, reserved 1048576K
Event: 9.713 GC heap after
Heap after GC invocations=10 (full 2):
 PSYoungGen      total 380416K, used 12632K [0x000000076b700000, 0x0000000785d00000, 0x00000007c0000000)
  eden space 367616K, 0% used [0x000000076b700000,0x000000076b700000,0x0000000781e00000)
  from space 12800K, 98% used [0x0000000785080000,0x0000000785cd6018,0x0000000785d00000)
  to   space 15872K, 0% used [0x0000000783e00000,0x0000000783e00000,0x0000000784d80000)
 ParOldGen       total 123392K, used 18190K [0x00000006c2400000, 0x00000006c9c80000, 0x000000076b700000)
  object space 123392K, 14% used [0x00000006c2400000,0x00000006c35c3bc8,0x00000006c9c80000)
 Metaspace       used 42502K, capacity 44124K, committed 44456K, reserved 1087488K
  class space    used 5661K, capacity 5968K, committed 6056K, reserved 1048576K
}
Event: 12.542 GC heap before
{Heap before GC invocations=11 (full 2):
 PSYoungGen      total 380416K, used 234549K [0x000000076b700000, 0x0000000785d00000, 0x00000007c0000000)
  eden space 367616K, 60% used [0x000000076b700000,0x0000000778fb7618,0x0000000781e00000)
  from space 12800K, 98% used [0x0000000785080000,0x0000000785cd6018,0x0000000785d00000)
  to   space 15872K, 0% used [0x0000000783e00000,0x0000000783e00000,0x0000000784d80000)
 ParOldGen       total 123392K, used 18190K [0x00000006c2400000, 0x00000006c9c80000, 0x000000076b700000)
  object space 123392K, 14% used [0x00000006c2400000,0x00000006c35c3bc8,0x00000006c9c80000)
 Metaspace       used 56645K, capacity 59137K, committed 59160K, reserved 1099776K
  class space    used 7504K, capacity 7953K, committed 7976K, reserved 1048576K
Event: 12.562 GC heap after
Heap after GC invocations=11 (full 2):
 PSYoungGen      total 416256K, used 15846K [0x000000076b700000, 0x000000078bc80000, 0x00000007c0000000)
  eden space 400384K, 0% used [0x000000076b700000,0x000000076b700000,0x0000000783e00000)
  from space 15872K, 99% used [0x0000000783e00000,0x0000000784d798a0,0x0000000784d80000)
  to   space 20480K, 0% used [0x000000078a880000,0x000000078a880000,0x000000078bc80000)
 ParOldGen       total 123392K, used 25209K [0x00000006c2400000, 0x00000006c9c80000, 0x000000076b700000)
  object space 123392K, 20% used [0x00000006c2400000,0x00000006c3c9e598,0x00000006c9c80000)
 Metaspace       used 56645K, capacity 59137K, committed 59160K, reserved 1099776K
  class space    used 7504K, capacity 7953K, committed 7976K, reserved 1048576K
}
Event: 12.562 GC heap before
{Heap before GC invocations=12 (full 3):
 PSYoungGen      total 416256K, used 15846K [0x000000076b700000, 0x000000078bc80000, 0x00000007c0000000)
  eden space 400384K, 0% used [0x000000076b700000,0x000000076b700000,0x0000000783e00000)
  from space 15872K, 99% used [0x0000000783e00000,0x0000000784d798a0,0x0000000784d80000)
  to   space 20480K, 0% used [0x000000078a880000,0x000000078a880000,0x000000078bc80000)
 ParOldGen       total 123392K, used 25209K [0x00000006c2400000, 0x00000006c9c80000, 0x000000076b700000)
  object space 123392K, 20% used [0x00000006c2400000,0x00000006c3c9e598,0x00000006c9c80000)
 Metaspace       used 56645K, capacity 59137K, committed 59160K, reserved 1099776K
  class space    used 7504K, capacity 7953K, committed 7976K, reserved 1048576K
Event: 12.775 GC heap after
Heap after GC invocations=12 (full 3):
 PSYoungGen      total 416256K, used 0K [0x000000076b700000, 0x000000078bc80000, 0x00000007c0000000)
  eden space 400384K, 0% used [0x000000076b700000,0x000000076b700000,0x0000000783e00000)
  from space 15872K, 0% used [0x0000000783e00000,0x0000000783e00000,0x0000000784d80000)
  to   space 20480K, 0% used [0x000000078a880000,0x000000078a880000,0x000000078bc80000)
 ParOldGen       total 181248K, used 35500K [0x00000006c2400000, 0x00000006cd500000, 0x000000076b700000)
  object space 181248K, 19% used [0x00000006c2400000,0x00000006c46ab020,0x00000006cd500000)
 Metaspace       used 56645K, capacity 59137K, committed 59160K, reserved 1099776K
  class space    used 7504K, capacity 7953K, committed 7976K, reserved 1048576K
}
Event: 17.359 GC heap before
{Heap before GC invocations=13 (full 3):
 PSYoungGen      total 416256K, used 400384K [0x000000076b700000, 0x000000078bc80000, 0x00000007c0000000)
  eden space 400384K, 100% used [0x000000076b700000,0x0000000783e00000,0x0000000783e00000)
  from space 15872K, 0% used [0x0000000783e00000,0x0000000783e00000,0x0000000784d80000)
  to   space 20480K, 0% used [0x000000078a880000,0x000000078a880000,0x000000078bc80000)
 ParOldGen       total 181248K, used 35500K [0x00000006c2400000, 0x00000006cd500000, 0x000000076b700000)
  object space 181248K, 19% used [0x00000006c2400000,0x00000006c46ab020,0x00000006cd500000)
 Metaspace       used 63056K, capacity 66007K, committed 66216K, reserved 1105920K
  class space    used 8278K, capacity 8814K, committed 8872K, reserved 1048576K
Event: 17.375 GC heap after
Heap after GC invocations=13 (full 3):
 PSYoungGen      total 503296K, used 14361K [0x000000076b700000, 0x000000078ba00000, 0x00000007c0000000)
  eden space 485376K, 0% used [0x000000076b700000,0x000000076b700000,0x0000000789100000)
  from space 17920K, 80% used [0x000000078a880000,0x000000078b686540,0x000000078ba00000)
  to   space 20992K, 0% used [0x0000000789100000,0x0000000789100000,0x000000078a580000)
 ParOldGen       total 181248K, used 35508K [0x00000006c2400000, 0x00000006cd500000, 0x000000076b700000)
  object space 181248K, 19% used [0x00000006c2400000,0x00000006c46ad020,0x00000006cd500000)
 Metaspace       used 63056K, capacity 66007K, committed 66216K, reserved 1105920K
  class space    used 8278K, capacity 8814K, committed 8872K, reserved 1048576K
}
Event: 24.125 GC heap before
{Heap before GC invocations=14 (full 3):
 PSYoungGen      total 503296K, used 499737K [0x000000076b700000, 0x000000078ba00000, 0x00000007c0000000)
  eden space 485376K, 100% used [0x000000076b700000,0x0000000789100000,0x0000000789100000)
  from space 17920K, 80% used [0x000000078a880000,0x000000078b686540,0x000000078ba00000)
  to   space 20992K, 0% used [0x0000000789100000,0x0000000789100000,0x000000078a580000)
 ParOldGen       total 181248K, used 35508K [0x00000006c2400000, 0x00000006cd500000, 0x000000076b700000)
  object space 181248K, 19% used [0x00000006c2400000,0x00000006c46ad020,0x00000006cd500000)
 Metaspace       used 77945K, capacity 81563K, committed 81832K, reserved 1120256K
  class space    used 10412K, capacity 11052K, committed 11176K, reserved 1048576K
Event: 24.157 GC heap after
Heap after GC invocations=14 (full 3):
 PSYoungGen      total 506368K, used 20963K [0x000000076b700000, 0x0000000792380000, 0x00000007c0000000)
  eden space 485376K, 0% used [0x000000076b700000,0x000000076b700000,0x0000000789100000)
  from space 20992K, 99% used [0x0000000789100000,0x000000078a578f60,0x000000078a580000)
  to   space 29184K, 0% used [0x0000000790700000,0x0000000790700000,0x0000000792380000)
 ParOldGen       total 181248K, used 50842K [0x00000006c2400000, 0x00000006cd500000, 0x000000076b700000)
  object space 181248K, 28% used [0x00000006c2400000,0x00000006c55a6b10,0x00000006cd500000)
 Metaspace       used 77945K, capacity 81563K, committed 81832K, reserved 1120256K
  class space    used 10412K, capacity 11052K, committed 11176K, reserved 1048576K
}

