# JRE version: Java(TM) SE Runtime Environment (8.0_60-b27) (build 1.8.0_60-b27)
# Java VM: Java HotSpot(TM) 64-Bit Server VM (25.60-b23 mixed mode windows-amd64 compressed oops)
Heap:
 PSYoungGen      total 233984K, used 186279K [0x000000076b700000, 0x000000077ab80000, 0x00000007c0000000)
  eden space 218112K, 85% used [0x000000076b700000,0x0000000776ce9c18,0x0000000778c00000)
  from space 15872K, 0% used [0x0000000778c00000,0x0000000778c00000,0x0000000779b80000)
  to   space 14848K, 0% used [0x0000000779b80000,0x0000000779b80000,0x000000077aa00000)
 ParOldGen       total 112640K, used 14794K [0x00000006c2400000, 0x00000006c9200000, 0x000000076b700000)
  object space 112640K, 13% used [0x00000006c2400000,0x00000006c3272938,0x00000006c9200000)
 Metaspace       used 40939K, capacity 42544K, committed 42792K, reserved 1087488K
  class space    used 5351K, capacity 5654K, committed 5672K, reserved 1048576K
GC Heap History (10 events):
Event: 5.835 GC heap before
{Heap before GC invocations=5 (full 1):
 PSYoungGen      total 140800K, used 130048K [0x000000076b700000, 0x0000000774b00000, 0x00000007c0000000)
  eden space 130048K, 100% used [0x000000076b700000,0x0000000773600000,0x0000000773600000)
  from space 10752K, 0% used [0x0000000773600000,0x0000000773600000,0x0000000774080000)
  to   space 10752K, 0% used [0x0000000774080000,0x0000000774080000,0x0000000774b00000)
 ParOldGen       total 91136K, used 9155K [0x00000006c2400000, 0x00000006c7d00000, 0x000000076b700000)
  object space 91136K, 10% used [0x00000006c2400000,0x00000006c2cf0d48,0x00000006c7d00000)
 Metaspace       used 28639K, capacity 29704K, committed 29952K, reserved 1075200K
  class space    used 3755K, capacity 3972K, committed 4096K, reserved 1048576K
Event: 5.843 GC heap after
Heap after GC invocations=5 (full 1):
 PSYoungGen      total 140800K, used 10733K [0x000000076b700000, 0x000000077a480000, 0x00000007c0000000)
  eden space 130048K, 0% used [0x000000076b700000,0x000000076b700000,0x0000000773600000)
  from space 10752K, 99% used [0x0000000774080000,0x0000000774afb558,0x0000000774b00000)
  to   space 10752K, 0% used [0x0000000773600000,0x0000000773600000,0x0000000774080000)
 ParOldGen       total 91136K, used 10010K [0x00000006c2400000, 0x00000006c7d00000, 0x000000076b700000)
  object space 91136K, 10% used [0x00000006c2400000,0x00000006c2dc6af0,0x00000006c7d00000)
 Metaspace       used 28639K, capacity 29704K, committed 29952K, reserved 1075200K
  class space    used 3755K, capacity 3972K, committed 4096K, reserved 1048576K
}
Event: 6.361 GC heap before
{Heap before GC invocations=6 (full 1):
 PSYoungGen      total 140800K, used 140781K [0x000000076b700000, 0x000000077a480000, 0x00000007c0000000)
  eden space 130048K, 100% used [0x000000076b700000,0x0000000773600000,0x0000000773600000)
  from space 10752K, 99% used [0x0000000774080000,0x0000000774afb558,0x0000000774b00000)
  to   space 10752K, 0% used [0x0000000773600000,0x0000000773600000,0x0000000774080000)
 ParOldGen       total 91136K, used 10010K [0x00000006c2400000, 0x00000006c7d00000, 0x000000076b700000)
  object space 91136K, 10% used [0x00000006c2400000,0x00000006c2dc6af0,0x00000006c7d00000)
 Metaspace       used 31174K, capacity 32354K, committed 32512K, reserved 1077248K
  class space    used 4055K, capacity 4291K, committed 4352K, reserved 1048576K
Event: 6.368 GC heap after
Heap after GC invocations=6 (full 1):
 PSYoungGen      total 140800K, used 10750K [0x000000076b700000, 0x000000077aa00000, 0x00000007c0000000)
  eden space 130048K, 0% used [0x000000076b700000,0x000000076b700000,0x0000000773600000)
  from space 10752K, 99% used [0x0000000773600000,0x000000077407fb20,0x0000000774080000)
  to   space 14848K, 0% used [0x0000000779b80000,0x0000000779b80000,0x000000077aa00000)
 ParOldGen       total 91136K, used 11353K [0x00000006c2400000, 0x00000006c7d00000, 0x000000076b700000)
  object space 91136K, 12% used [0x00000006c2400000,0x00000006c2f16400,0x00000006c7d00000)
 Metaspace       used 31174K, capacity 32354K, committed 32512K, reserved 1077248K
  class space    used 4055K, capacity 4291K, committed 4352K, reserved 1048576K
}
Event: 6.940 GC heap before
{Heap before GC invocations=7 (full 1):
 PSYoungGen      total 140800K, used 140798K [0x000000076b700000, 0x000000077aa00000, 0x00000007c0000000)
  eden space 130048K, 100% used [0x000000076b700000,0x0000000773600000,0x0000000773600000)
  from space 10752K, 99% used [0x0000000773600000,0x000000077407fb20,0x0000000774080000)
  to   space 14848K, 0% used [0x0000000779b80000,0x0000000779b80000,0x000000077aa00000)
 ParOldGen       total 91136K, used 11353K [0x00000006c2400000, 0x00000006c7d00000, 0x000000076b700000)
  object space 91136K, 12% used [0x00000006c2400000,0x00000006c2f16400,0x00000006c7d00000)
 Metaspace       used 34033K, capacity 35390K, committed 35496K, reserved 1079296K
  class space    used 4441K, capacity 4739K, committed 4776K, reserved 1048576K
Event: 6.950 GC heap after
Heap after GC invocations=7 (full 1):
 PSYoungGen      total 232960K, used 12627K [0x000000076b700000, 0x000000077ab80000, 0x00000007c0000000)
  eden space 218112K, 0% used [0x000000076b700000,0x000000076b700000,0x0000000778c00000)
  from space 14848K, 85% used [0x0000000779b80000,0x000000077a7d4d40,0x000000077aa00000)
  to   space 15872K, 0% used [0x0000000778c00000,0x0000000778c00000,0x0000000779b80000)
 ParOldGen       total 91136K, used 11361K [0x00000006c2400000, 0x00000006c7d00000, 0x000000076b700000)
  object space 91136K, 12% used [0x00000006c2400000,0x00000006c2f18400,0x00000006c7d00000)
 Metaspace       used 34033K, capacity 35390K, committed 35496K, reserved 1079296K
  class space    used 4441K, capacity 4739K, committed 4776K, reserved 1048576K
}
Event: 6.999 GC heap before
{Heap before GC invocations=8 (full 1):
 PSYoungGen      total 232960K, used 23949K [0x000000076b700000, 0x000000077ab80000, 0x00000007c0000000)
  eden space 218112K, 5% used [0x000000076b700000,0x000000076c20e6d8,0x0000000778c00000)
  from space 14848K, 85% used [0x0000000779b80000,0x000000077a7d4d40,0x000000077aa00000)
  to   space 15872K, 0% used [0x0000000778c00000,0x0000000778c00000,0x0000000779b80000)
 ParOldGen       total 91136K, used 11361K [0x00000006c2400000, 0x00000006c7d00000, 0x000000076b700000)
  object space 91136K, 12% used [0x00000006c2400000,0x00000006c2f18400,0x00000006c7d00000)
 Metaspace       used 34168K, capacity 35454K, committed 35496K, reserved 1079296K
  class space    used 4466K, capacity 4739K, committed 4776K, reserved 1048576K
Event: 7.008 GC heap after
Heap after GC invocations=8 (full 1):
 PSYoungGen      total 233984K, used 9133K [0x000000076b700000, 0x000000077ab80000, 0x00000007c0000000)
  eden space 218112K, 0% used [0x000000076b700000,0x000000076b700000,0x0000000778c00000)
  from space 15872K, 57% used [0x0000000778c00000,0x00000007794eb5a8,0x0000000779b80000)
  to   space 14848K, 0% used [0x0000000779b80000,0x0000000779b80000,0x000000077aa00000)
 ParOldGen       total 91136K, used 11361K [0x00000006c2400000, 0x00000006c7d00000, 0x000000076b700000)
  object space 91136K, 12% used [0x00000006c2400000,0x00000006c2f18400,0x00000006c7d00000)
 Metaspace       used 34168K, capacity 35454K, committed 35496K, reserved 1079296K
  class space    used 4466K, capacity 4739K, committed 4776K, reserved 1048576K
}
Event: 7.008 GC heap before
{Heap before GC invocations=9 (full 2):
 PSYoungGen      total 233984K, used 9133K [0x000000076b700000, 0x000000077ab80000, 0x00000007c0000000)
  eden space 218112K, 0% used [0x000000076b700000,0x000000076b700000,0x0000000778c00000)
  from space 15872K, 57% used [0x0000000778c00000,0x00000007794eb5a8,0x0000000779b80000)
  to   space 14848K, 0% used [0x0000000779b80000,0x0000000779b80000,0x000000077aa00000)
 ParOldGen       total 91136K, used 11361K [0x00000006c2400000, 0x00000006c7d00000, 0x000000076b700000)
  object space 91136K, 12% used [0x00000006c2400000,0x00000006c2f18400,0x00000006c7d00000)
 Metaspace       used 34168K, capacity 35454K, committed 35496K, reserved 1079296K
  class space    used 4466K, capacity 4739K, committed 4776K, reserved 1048576K
Event: 7.058 GC heap after
Heap after GC invocations=9 (full 2):
 PSYoungGen      total 233984K, used 0K [0x000000076b700000, 0x000000077ab80000, 0x00000007c0000000)
  eden space 218112K, 0% used [0x000000076b700000,0x000000076b700000,0x0000000778c00000)
  from space 15872K, 0% used [0x0000000778c00000,0x0000000778c00000,0x0000000779b80000)
  to   space 14848K, 0% used [0x0000000779b80000,0x0000000779b80000,0x000000077aa00000)
 ParOldGen       total 112640K, used 14794K [0x00000006c2400000, 0x00000006c9200000, 0x000000076b700000)
  object space 112640K, 13% used [0x00000006c2400000,0x00000006c3272938,0x00000006c9200000)
 Metaspace       used 34162K, capacity 35434K, committed 35496K, reserved 1079296K
  class space    used 4463K, capacity 4735K, committed 4776K, reserved 1048576K
}

