# JRE version: Java(TM) SE Runtime Environment (8.0_60-b27) (build 1.8.0_60-b27)
# Java VM: Java HotSpot(TM) 64-Bit Server VM (25.60-b23 mixed mode windows-amd64 compressed oops)
Heap:
 PSYoungGen      total 655360K, used 153332K [0x000000076b700000, 0x0000000795080000, 0x00000007c0000000)
  eden space 632832K, 20% used [0x000000076b700000,0x00000007736be458,0x0000000792100000)
  from space 22528K, 99% used [0x0000000792100000,0x00000007936fef18,0x0000000793700000)
  to   space 20992K, 0% used [0x0000000793700000,0x0000000793700000,0x0000000794b80000)
 ParOldGen       total 173056K, used 32868K [0x00000006c2400000, 0x00000006ccd00000, 0x000000076b700000)
  object space 173056K, 18% used [0x00000006c2400000,0x00000006c4419038,0x00000006ccd00000)
 Metaspace       used 71421K, capacity 74924K, committed 75304K, reserved 1114112K
  class space    used 9530K, capacity 10156K, committed 10280K, reserved 1048576K
GC Heap History (10 events):
Event: 7.568 GC heap before
{Heap before GC invocations=8 (full 2):
 PSYoungGen      total 400384K, used 10678K [0x000000076b700000, 0x0000000788a00000, 0x00000007c0000000)
  eden space 383488K, 0% used [0x000000076b700000,0x000000076b700000,0x0000000782d80000)
  from space 16896K, 63% used [0x0000000783d00000,0x000000078476d9c0,0x0000000784d80000)
  to   space 15872K, 0% used [0x0000000782d80000,0x0000000782d80000,0x0000000783d00000)
 ParOldGen       total 90112K, used 14429K [0x00000006c2400000, 0x00000006c7c00000, 0x000000076b700000)
  object space 90112K, 16% used [0x00000006c2400000,0x00000006c3217488,0x00000006c7c00000)
 Metaspace       used 34172K, capacity 35458K, committed 35496K, reserved 1079296K
  class space    used 4465K, capacity 4739K, committed 4776K, reserved 1048576K
Event: 7.611 GC heap after
Heap after GC invocations=8 (full 2):
 PSYoungGen      total 400384K, used 0K [0x000000076b700000, 0x0000000788a00000, 0x00000007c0000000)
  eden space 383488K, 0% used [0x000000076b700000,0x000000076b700000,0x0000000782d80000)
  from space 16896K, 0% used [0x0000000783d00000,0x0000000783d00000,0x0000000784d80000)
  to   space 15872K, 0% used [0x0000000782d80000,0x0000000782d80000,0x0000000783d00000)
 ParOldGen       total 124416K, used 16392K [0x00000006c2400000, 0x00000006c9d80000, 0x000000076b700000)
  object space 124416K, 13% used [0x00000006c2400000,0x00000006c34022d8,0x00000006c9d80000)
 Metaspace       used 34165K, capacity 35438K, committed 35496K, reserved 1079296K
  class space    used 4462K, capacity 4735K, committed 4776K, reserved 1048576K
}
Event: 11.035 GC heap before
{Heap before GC invocations=9 (full 2):
 PSYoungGen      total 400384K, used 383488K [0x000000076b700000, 0x0000000788a00000, 0x00000007c0000000)
  eden space 383488K, 100% used [0x000000076b700000,0x0000000782d80000,0x0000000782d80000)
  from space 16896K, 0% used [0x0000000783d00000,0x0000000783d00000,0x0000000784d80000)
  to   space 15872K, 0% used [0x0000000782d80000,0x0000000782d80000,0x0000000783d00000)
 ParOldGen       total 124416K, used 16392K [0x00000006c2400000, 0x00000006c9d80000, 0x000000076b700000)
  object space 124416K, 13% used [0x00000006c2400000,0x00000006c34022d8,0x00000006c9d80000)
 Metaspace       used 50065K, capacity 52364K, committed 52520K, reserved 1095680K
  class space    used 6729K, capacity 7142K, committed 7208K, reserved 1048576K
Event: 11.052 GC heap after
Heap after GC invocations=9 (full 2):
 PSYoungGen      total 399360K, used 15871K [0x000000076b700000, 0x0000000794b80000, 0x00000007c0000000)
  eden space 383488K, 0% used [0x000000076b700000,0x000000076b700000,0x0000000782d80000)
  from space 15872K, 99% used [0x0000000782d80000,0x0000000783cffd58,0x0000000783d00000)
  to   space 20992K, 0% used [0x0000000793700000,0x0000000793700000,0x0000000794b80000)
 ParOldGen       total 124416K, used 22234K [0x00000006c2400000, 0x00000006c9d80000, 0x000000076b700000)
  object space 124416K, 17% used [0x00000006c2400000,0x00000006c39b6ba8,0x00000006c9d80000)
 Metaspace       used 50065K, capacity 52364K, committed 52520K, reserved 1095680K
  class space    used 6729K, capacity 7142K, committed 7208K, reserved 1048576K
}
Event: 11.828 GC heap before
{Heap before GC invocations=10 (full 2):
 PSYoungGen      total 399360K, used 98132K [0x000000076b700000, 0x0000000794b80000, 0x00000007c0000000)
  eden space 383488K, 21% used [0x000000076b700000,0x0000000770755550,0x0000000782d80000)
  from space 15872K, 99% used [0x0000000782d80000,0x0000000783cffd58,0x0000000783d00000)
  to   space 20992K, 0% used [0x0000000793700000,0x0000000793700000,0x0000000794b80000)
 ParOldGen       total 124416K, used 22234K [0x00000006c2400000, 0x00000006c9d80000, 0x000000076b700000)
  object space 124416K, 17% used [0x00000006c2400000,0x00000006c39b6ba8,0x00000006c9d80000)
 Metaspace       used 56647K, capacity 59146K, committed 59160K, reserved 1099776K
  class space    used 7493K, capacity 7965K, committed 7976K, reserved 1048576K
Event: 11.843 GC heap after
Heap after GC invocations=10 (full 2):
 PSYoungGen      total 653824K, used 17891K [0x000000076b700000, 0x0000000795080000, 0x00000007c0000000)
  eden space 632832K, 0% used [0x000000076b700000,0x000000076b700000,0x0000000792100000)
  from space 20992K, 85% used [0x0000000793700000,0x0000000794878ec8,0x0000000794b80000)
  to   space 22528K, 0% used [0x0000000792100000,0x0000000792100000,0x0000000793700000)
 ParOldGen       total 124416K, used 22250K [0x00000006c2400000, 0x00000006c9d80000, 0x000000076b700000)
  object space 124416K, 17% used [0x00000006c2400000,0x00000006c39baba8,0x00000006c9d80000)
 Metaspace       used 56647K, capacity 59146K, committed 59160K, reserved 1099776K
  class space    used 7493K, capacity 7965K, committed 7976K, reserved 1048576K
}
Event: 11.843 GC heap before
{Heap before GC invocations=11 (full 3):
 PSYoungGen      total 653824K, used 17891K [0x000000076b700000, 0x0000000795080000, 0x00000007c0000000)
  eden space 632832K, 0% used [0x000000076b700000,0x000000076b700000,0x0000000792100000)
  from space 20992K, 85% used [0x0000000793700000,0x0000000794878ec8,0x0000000794b80000)
  to   space 22528K, 0% used [0x0000000792100000,0x0000000792100000,0x0000000793700000)
 ParOldGen       total 124416K, used 22250K [0x00000006c2400000, 0x00000006c9d80000, 0x000000076b700000)
  object space 124416K, 17% used [0x00000006c2400000,0x00000006c39baba8,0x00000006c9d80000)
 Metaspace       used 56647K, capacity 59146K, committed 59160K, reserved 1099776K
  class space    used 7493K, capacity 7965K, committed 7976K, reserved 1048576K
Event: 12.007 GC heap after
Heap after GC invocations=11 (full 3):
 PSYoungGen      total 653824K, used 0K [0x000000076b700000, 0x0000000795080000, 0x00000007c0000000)
  eden space 632832K, 0% used [0x000000076b700000,0x000000076b700000,0x0000000792100000)
  from space 20992K, 0% used [0x0000000793700000,0x0000000793700000,0x0000000794b80000)
  to   space 22528K, 0% used [0x0000000792100000,0x0000000792100000,0x0000000793700000)
 ParOldGen       total 173056K, used 30830K [0x00000006c2400000, 0x00000006ccd00000, 0x000000076b700000)
  object space 173056K, 17% used [0x00000006c2400000,0x00000006c421bb88,0x00000006ccd00000)
 Metaspace       used 56647K, capacity 59146K, committed 59160K, reserved 1099776K
  class space    used 7493K, capacity 7965K, committed 7976K, reserved 1048576K
}
Event: 19.505 GC heap before
{Heap before GC invocations=12 (full 3):
 PSYoungGen      total 653824K, used 632832K [0x000000076b700000, 0x0000000795080000, 0x00000007c0000000)
  eden space 632832K, 100% used [0x000000076b700000,0x0000000792100000,0x0000000792100000)
  from space 20992K, 0% used [0x0000000793700000,0x0000000793700000,0x0000000794b80000)
  to   space 22528K, 0% used [0x0000000792100000,0x0000000792100000,0x0000000793700000)
 ParOldGen       total 173056K, used 30830K [0x00000006c2400000, 0x00000006ccd00000, 0x000000076b700000)
  object space 173056K, 17% used [0x00000006c2400000,0x00000006c421bb88,0x00000006ccd00000)
 Metaspace       used 68950K, capacity 72430K, committed 72616K, reserved 1112064K
  class space    used 9177K, capacity 9801K, committed 9896K, reserved 1048576K
Event: 19.525 GC heap after
Heap after GC invocations=12 (full 3):
 PSYoungGen      total 655360K, used 22523K [0x000000076b700000, 0x0000000795080000, 0x00000007c0000000)
  eden space 632832K, 0% used [0x000000076b700000,0x000000076b700000,0x0000000792100000)
  from space 22528K, 99% used [0x0000000792100000,0x00000007936fef18,0x0000000793700000)
  to   space 20992K, 0% used [0x0000000793700000,0x0000000793700000,0x0000000794b80000)
 ParOldGen       total 173056K, used 32868K [0x00000006c2400000, 0x00000006ccd00000, 0x000000076b700000)
  object space 173056K, 18% used [0x00000006c2400000,0x00000006c4419038,0x00000006ccd00000)
 Metaspace       used 68950K, capacity 72430K, committed 72616K, reserved 1112064K
  class space    used 9177K, capacity 9801K, committed 9896K, reserved 1048576K
}

